<?xml version="1.0" encoding="UTF-8"?>
<!-- Generated by org.testng.reporters.JUnitReportReporter -->
<testsuite skipped="0" hostname="DESKTOP-7GP1KNR" name="TestNG.addbook" tests="1" failures="0" timestamp="11 Feb 2020 03:56:48 GMT" time="15.495" errors="0">
  <testcase name="verfiy" time="15.495" classname="TestNG.addbook"/>
</testsuite> <!-- TestNG.addbook -->
